
> story-book@0.1.0 build-storybook
> storybook build --output-dir=C:\Users\SURIYA~1\AppData\Local\Temp\chromatic--14144-NKtOJvOfp70U

@storybook/cli v7.6.20

info => Cleaning outputDir: C:\Users\SURIYA~1\AppData\Local\Temp\chromatic--14144-NKtOJvOfp70U
info => Loading presets
info => Building manager..
info => Manager built (205 ms)
info => Building preview..
info => Copying static files: C:\GoQuant\story-book-example-main\node_modules\@storybook\manager\static at C:\Users\SURIYA~1\AppData\Local\Temp\chromatic--14144-NKtOJvOfp70U\sb-common-assets
info Using Babel compiler
info Addon-docs: using MDX2
info => Using implicit CSS loaders
info => Using default Webpack5 setup
WARN asset size limit: The following asset(s) exceed the recommended size limit (244 KiB).
WARN This can impact web performance.
WARN Assets: 
WARN   71.7ed0ef80.iframe.bundle.js (583 KiB)
WARN   375.cefbd0e8.iframe.bundle.js (1.04 MiB)
WARN   132.18fe2bf9.iframe.bundle.js (724 KiB)
WARN entrypoint size limit: The following entrypoint(s) combined asset size exceeds the recommended limit (244 KiB). This can impact web performance.
WARN Entrypoints:
WARN   main (1.08 MiB)
WARN       runtime~main.ef0e2db2.iframe.bundle.js
WARN       375.cefbd0e8.iframe.bundle.js
WARN       main.abb0172f.iframe.bundle.js
WARN 
info => Preview built (8.79 s)
info => Output directory: C:\Users\SURIYA~1\AppData\Local\Temp\chromatic--14144-NKtOJvOfp70U
